<?xml version="1.0" encoding="UTF-8"?>
<coverage generated="1745438690717" clover="3.2.0">
  <project timestamp="1745438690717" name="All files">
    <metrics statements="61" coveredstatements="0" conditionals="49" coveredconditionals="0" methods="13" coveredmethods="0" elements="123" coveredelements="0" complexity="0" loc="61" ncloc="61" packages="1" files="1" classes="1"/>
    <file name="promptCore.ts" path="/Users/dasalazarr/Projects/Github/v3/v3/src/core/promptCore.ts">
      <metrics statements="61" coveredstatements="0" conditionals="49" coveredconditionals="0" methods="13" coveredmethods="0"/>
      <line num="8" count="0" type="cond" truecount="0" falsecount="3"/>
      <line num="9" count="0" type="cond" truecount="0" falsecount="4"/>
      <line num="10" count="0" type="cond" truecount="0" falsecount="4"/>
      <line num="11" count="0" type="cond" truecount="0" falsecount="8"/>
      <line num="12" count="0" type="cond" truecount="0" falsecount="3"/>
      <line num="14" count="0" type="cond" truecount="0" falsecount="3"/>
      <line num="15" count="0" type="cond" truecount="0" falsecount="4"/>
      <line num="20" count="0" type="stmt"/>
      <line num="21" count="0" type="stmt"/>
      <line num="22" count="0" type="stmt"/>
      <line num="26" count="0" type="stmt"/>
      <line num="32" count="0" type="stmt"/>
      <line num="38" count="0" type="stmt"/>
      <line num="44" count="0" type="stmt"/>
      <line num="45" count="0" type="cond" truecount="0" falsecount="2"/>
      <line num="46" count="0" type="stmt"/>
      <line num="48" count="0" type="stmt"/>
      <line num="49" count="0" type="cond" truecount="0" falsecount="2"/>
      <line num="50" count="0" type="stmt"/>
      <line num="51" count="0" type="stmt"/>
      <line num="52" count="0" type="stmt"/>
      <line num="53" count="0" type="stmt"/>
      <line num="57" count="0" type="stmt"/>
      <line num="58" count="0" type="stmt"/>
      <line num="59" count="0" type="stmt"/>
      <line num="60" count="0" type="stmt"/>
      <line num="61" count="0" type="stmt"/>
      <line num="65" count="0" type="stmt"/>
      <line num="66" count="0" type="stmt"/>
      <line num="73" count="0" type="stmt"/>
      <line num="74" count="0" type="stmt"/>
      <line num="75" count="0" type="cond" truecount="0" falsecount="2"/>
      <line num="76" count="0" type="stmt"/>
      <line num="78" count="0" type="stmt"/>
      <line num="84" count="0" type="stmt"/>
      <line num="85" count="0" type="cond" truecount="0" falsecount="4"/>
      <line num="86" count="0" type="stmt"/>
      <line num="88" count="0" type="cond" truecount="0" falsecount="4"/>
      <line num="89" count="0" type="stmt"/>
      <line num="92" count="0" type="stmt"/>
      <line num="99" count="0" type="stmt"/>
      <line num="100" count="0" type="stmt"/>
      <line num="114" count="0" type="stmt"/>
      <line num="115" count="0" type="stmt"/>
      <line num="116" count="0" type="stmt"/>
      <line num="117" count="0" type="stmt"/>
      <line num="123" count="0" type="cond" truecount="0" falsecount="2"/>
      <line num="130" count="0" type="stmt"/>
      <line num="131" count="0" type="stmt"/>
      <line num="132" count="0" type="cond" truecount="0" falsecount="2"/>
      <line num="133" count="0" type="stmt"/>
      <line num="135" count="0" type="stmt"/>
      <line num="136" count="0" type="stmt"/>
      <line num="142" count="0" type="stmt"/>
      <line num="144" count="0" type="cond" truecount="0" falsecount="2"/>
      <line num="146" count="0" type="stmt"/>
      <line num="147" count="0" type="stmt"/>
      <line num="148" count="0" type="stmt"/>
      <line num="150" count="0" type="stmt"/>
      <line num="152" count="0" type="stmt"/>
      <line num="155" count="0" type="stmt"/>
    </file>
  </project>
</coverage>
