{"/Users/dasalazarr/Projects/Github/v3/v3/src/core/promptCore.ts": {"path":"/Users/dasalazarr/Projects/Github/v3/v3/src/core/promptCore.ts","statementMap":{"0":{"start":{"line":8,"column":17},"end":{"line":13,"column":1}},"1":{"start":{"line":9,"column":12},"end":{"line":9,"column":28}},"2":{"start":{"line":9,"column":34},"end":{"line":9,"column":125}},"3":{"start":{"line":10,"column":4},"end":{"line":11,"column":150}},"4":{"start":{"line":10,"column":79},"end":{"line":10,"column":131}},"5":{"start":{"line":11,"column":9},"end":{"line":11,"column":150}},"6":{"start":{"line":11,"column":22},"end":{"line":11,"column":43}},"7":{"start":{"line":11,"column":58},"end":{"line":11,"column":150}},"8":{"start":{"line":11,"column":81},"end":{"line":11,"column":150}},"9":{"start":{"line":12,"column":4},"end":{"line":12,"column":66}},"10":{"start":{"line":14,"column":17},"end":{"line":16,"column":1}},"11":{"start":{"line":15,"column":4},"end":{"line":15,"column":109}},"12":{"start":{"line":15,"column":79},"end":{"line":15,"column":109}},"13":{"start":{"line":20,"column":17},"end":{"line":154,"column":1}},"14":{"start":{"line":21,"column":18},"end":{"line":21,"column":27}},"15":{"start":{"line":22,"column":22},"end":{"line":22,"column":31}},"16":{"start":{"line":26,"column":8},"end":{"line":30,"column":10}},"17":{"start":{"line":32,"column":8},"end":{"line":32,"column":35}},"18":{"start":{"line":38,"column":8},"end":{"line":38,"column":52}},"19":{"start":{"line":44,"column":8},"end":{"line":67,"column":9}},"20":{"start":{"line":45,"column":12},"end":{"line":47,"column":13}},"21":{"start":{"line":46,"column":16},"end":{"line":46,"column":52}},"22":{"start":{"line":48,"column":31},"end":{"line":48,"column":100}},"23":{"start":{"line":49,"column":12},"end":{"line":62,"column":13}},"24":{"start":{"line":50,"column":37},"end":{"line":50,"column":72}},"25":{"start":{"line":51,"column":16},"end":{"line":51,"column":59}},"26":{"start":{"line":52,"column":16},"end":{"line":52,"column":85}},"27":{"start":{"line":53,"column":16},"end":{"line":53,"column":36}},"28":{"start":{"line":57,"column":42},"end":{"line":57,"column":110}},"29":{"start":{"line":58,"column":38},"end":{"line":58,"column":80}},"30":{"start":{"line":59,"column":16},"end":{"line":59,"column":60}},"31":{"start":{"line":60,"column":16},"end":{"line":60,"column":94}},"32":{"start":{"line":61,"column":16},"end":{"line":61,"column":37}},"33":{"start":{"line":65,"column":12},"end":{"line":65,"column":93}},"34":{"start":{"line":66,"column":12},"end":{"line":66,"column":50}},"35":{"start":{"line":73,"column":34},"end":{"line":73,"column":45}},"36":{"start":{"line":74,"column":34},"end":{"line":74,"column":61}},"37":{"start":{"line":75,"column":8},"end":{"line":77,"column":9}},"38":{"start":{"line":76,"column":12},"end":{"line":76,"column":106}},"39":{"start":{"line":78,"column":8},"end":{"line":78,"column":89}},"40":{"start":{"line":84,"column":21},"end":{"line":84,"column":42}},"41":{"start":{"line":85,"column":8},"end":{"line":93,"column":9}},"42":{"start":{"line":86,"column":12},"end":{"line":86,"column":33}},"43":{"start":{"line":88,"column":13},"end":{"line":93,"column":9}},"44":{"start":{"line":89,"column":12},"end":{"line":89,"column":35}},"45":{"start":{"line":92,"column":12},"end":{"line":92,"column":35}},"46":{"start":{"line":99,"column":52},"end":{"line":99,"column":63}},"47":{"start":{"line":100,"column":8},"end":{"line":108,"column":54}},"48":{"start":{"line":114,"column":8},"end":{"line":114,"column":144}},"49":{"start":{"line":115,"column":8},"end":{"line":115,"column":129}},"50":{"start":{"line":116,"column":8},"end":{"line":116,"column":180}},"51":{"start":{"line":117,"column":8},"end":{"line":117,"column":149}},"52":{"start":{"line":123,"column":8},"end":{"line":124,"column":103}},"53":{"start":{"line":130,"column":34},"end":{"line":130,"column":45}},"54":{"start":{"line":131,"column":27},"end":{"line":131,"column":95}},"55":{"start":{"line":132,"column":8},"end":{"line":134,"column":9}},"56":{"start":{"line":133,"column":12},"end":{"line":133,"column":47}},"57":{"start":{"line":135,"column":8},"end":{"line":135,"column":71}},"58":{"start":{"line":136,"column":8},"end":{"line":136,"column":28}},"59":{"start":{"line":142,"column":27},"end":{"line":142,"column":62}},"60":{"start":{"line":144,"column":8},"end":{"line":151,"column":9}},"61":{"start":{"line":146,"column":33},"end":{"line":146,"column":43}},"62":{"start":{"line":147,"column":12},"end":{"line":149,"column":15}},"63":{"start":{"line":148,"column":16},"end":{"line":148,"column":105}},"64":{"start":{"line":150,"column":12},"end":{"line":150,"column":34}},"65":{"start":{"line":152,"column":8},"end":{"line":152,"column":26}},"66":{"start":{"line":155,"column":0},"end":{"line":158,"column":15}}},"fnMap":{"0":{"name":"(anonymous_0)","decl":{"start":{"line":8,"column":46},"end":{"line":8,"column":47}},"loc":{"start":{"line":8,"column":87},"end":{"line":13,"column":1}},"line":8},"1":{"name":"(anonymous_1)","decl":{"start":{"line":14,"column":46},"end":{"line":14,"column":47}},"loc":{"start":{"line":14,"column":62},"end":{"line":16,"column":1}},"line":14},"2":{"name":"(anonymous_2)","decl":{"start":{"line":24,"column":4},"end":{"line":24,"column":5}},"loc":{"start":{"line":24,"column":18},"end":{"line":33,"column":5}},"line":24},"3":{"name":"(anonymous_3)","decl":{"start":{"line":37,"column":4},"end":{"line":37,"column":5}},"loc":{"start":{"line":37,"column":22},"end":{"line":39,"column":5}},"line":37},"4":{"name":"(anonymous_4)","decl":{"start":{"line":43,"column":4},"end":{"line":43,"column":5}},"loc":{"start":{"line":43,"column":35},"end":{"line":68,"column":5}},"line":43},"5":{"name":"(anonymous_5)","decl":{"start":{"line":72,"column":4},"end":{"line":72,"column":5}},"loc":{"start":{"line":72,"column":26},"end":{"line":79,"column":5}},"line":72},"6":{"name":"(anonymous_6)","decl":{"start":{"line":83,"column":4},"end":{"line":83,"column":5}},"loc":{"start":{"line":83,"column":27},"end":{"line":94,"column":5}},"line":83},"7":{"name":"(anonymous_7)","decl":{"start":{"line":98,"column":4},"end":{"line":98,"column":5}},"loc":{"start":{"line":98,"column":30},"end":{"line":109,"column":5}},"line":98},"8":{"name":"(anonymous_8)","decl":{"start":{"line":113,"column":4},"end":{"line":113,"column":5}},"loc":{"start":{"line":113,"column":26},"end":{"line":118,"column":5}},"line":113},"9":{"name":"(anonymous_9)","decl":{"start":{"line":122,"column":4},"end":{"line":122,"column":5}},"loc":{"start":{"line":122,"column":29},"end":{"line":125,"column":5}},"line":122},"10":{"name":"(anonymous_10)","decl":{"start":{"line":129,"column":4},"end":{"line":129,"column":5}},"loc":{"start":{"line":129,"column":62},"end":{"line":137,"column":5}},"line":129},"11":{"name":"(anonymous_11)","decl":{"start":{"line":141,"column":4},"end":{"line":141,"column":5}},"loc":{"start":{"line":141,"column":41},"end":{"line":153,"column":5}},"line":141},"12":{"name":"(anonymous_12)","decl":{"start":{"line":147,"column":44},"end":{"line":147,"column":45}},"loc":{"start":{"line":147,"column":62},"end":{"line":149,"column":13}},"line":147}},"branchMap":{"0":{"loc":{"start":{"line":8,"column":17},"end":{"line":13,"column":1}},"type":"binary-expr","locations":[{"start":{"line":8,"column":18},"end":{"line":8,"column":22}},{"start":{"line":8,"column":26},"end":{"line":8,"column":41}},{"start":{"line":8,"column":46},"end":{"line":13,"column":1}}],"line":8},"1":{"loc":{"start":{"line":9,"column":34},"end":{"line":9,"column":125}},"type":"cond-expr","locations":[{"start":{"line":9,"column":42},"end":{"line":9,"column":48}},{"start":{"line":9,"column":51},"end":{"line":9,"column":125}}],"line":9},"2":{"loc":{"start":{"line":9,"column":51},"end":{"line":9,"column":125}},"type":"cond-expr","locations":[{"start":{"line":9,"column":67},"end":{"line":9,"column":118}},{"start":{"line":9,"column":121},"end":{"line":9,"column":125}}],"line":9},"3":{"loc":{"start":{"line":10,"column":4},"end":{"line":11,"column":150}},"type":"if","locations":[{"start":{"line":10,"column":4},"end":{"line":11,"column":150}},{"start":{"line":11,"column":9},"end":{"line":11,"column":150}}],"line":10},"4":{"loc":{"start":{"line":10,"column":8},"end":{"line":10,"column":77}},"type":"binary-expr","locations":[{"start":{"line":10,"column":8},"end":{"line":10,"column":35}},{"start":{"line":10,"column":39},"end":{"line":10,"column":77}}],"line":10},"5":{"loc":{"start":{"line":11,"column":58},"end":{"line":11,"column":150}},"type":"if","locations":[{"start":{"line":11,"column":58},"end":{"line":11,"column":150}},{"start":{},"end":{}}],"line":11},"6":{"loc":{"start":{"line":11,"column":85},"end":{"line":11,"column":149}},"type":"binary-expr","locations":[{"start":{"line":11,"column":86},"end":{"line":11,"column":143}},{"start":{"line":11,"column":148},"end":{"line":11,"column":149}}],"line":11},"7":{"loc":{"start":{"line":11,"column":86},"end":{"line":11,"column":143}},"type":"cond-expr","locations":[{"start":{"line":11,"column":94},"end":{"line":11,"column":98}},{"start":{"line":11,"column":101},"end":{"line":11,"column":143}}],"line":11},"8":{"loc":{"start":{"line":11,"column":101},"end":{"line":11,"column":143}},"type":"cond-expr","locations":[{"start":{"line":11,"column":109},"end":{"line":11,"column":126}},{"start":{"line":11,"column":129},"end":{"line":11,"column":143}}],"line":11},"9":{"loc":{"start":{"line":12,"column":11},"end":{"line":12,"column":62}},"type":"binary-expr","locations":[{"start":{"line":12,"column":11},"end":{"line":12,"column":16}},{"start":{"line":12,"column":20},"end":{"line":12,"column":21}},{"start":{"line":12,"column":25},"end":{"line":12,"column":62}}],"line":12},"10":{"loc":{"start":{"line":14,"column":17},"end":{"line":16,"column":1}},"type":"binary-expr","locations":[{"start":{"line":14,"column":18},"end":{"line":14,"column":22}},{"start":{"line":14,"column":26},"end":{"line":14,"column":41}},{"start":{"line":14,"column":46},"end":{"line":16,"column":1}}],"line":14},"11":{"loc":{"start":{"line":15,"column":4},"end":{"line":15,"column":109}},"type":"if","locations":[{"start":{"line":15,"column":4},"end":{"line":15,"column":109}},{"start":{},"end":{}}],"line":15},"12":{"loc":{"start":{"line":15,"column":8},"end":{"line":15,"column":77}},"type":"binary-expr","locations":[{"start":{"line":15,"column":8},"end":{"line":15,"column":35}},{"start":{"line":15,"column":39},"end":{"line":15,"column":77}}],"line":15},"13":{"loc":{"start":{"line":45,"column":12},"end":{"line":47,"column":13}},"type":"if","locations":[{"start":{"line":45,"column":12},"end":{"line":47,"column":13}},{"start":{},"end":{}}],"line":45},"14":{"loc":{"start":{"line":49,"column":12},"end":{"line":62,"column":13}},"type":"if","locations":[{"start":{"line":49,"column":12},"end":{"line":62,"column":13}},{"start":{"line":55,"column":17},"end":{"line":62,"column":13}}],"line":49},"15":{"loc":{"start":{"line":75,"column":8},"end":{"line":77,"column":9}},"type":"if","locations":[{"start":{"line":75,"column":8},"end":{"line":77,"column":9}},{"start":{},"end":{}}],"line":75},"16":{"loc":{"start":{"line":85,"column":8},"end":{"line":93,"column":9}},"type":"if","locations":[{"start":{"line":85,"column":8},"end":{"line":93,"column":9}},{"start":{"line":88,"column":13},"end":{"line":93,"column":9}}],"line":85},"17":{"loc":{"start":{"line":85,"column":12},"end":{"line":85,"column":34}},"type":"binary-expr","locations":[{"start":{"line":85,"column":12},"end":{"line":85,"column":21}},{"start":{"line":85,"column":25},"end":{"line":85,"column":34}}],"line":85},"18":{"loc":{"start":{"line":88,"column":13},"end":{"line":93,"column":9}},"type":"if","locations":[{"start":{"line":88,"column":13},"end":{"line":93,"column":9}},{"start":{"line":91,"column":13},"end":{"line":93,"column":9}}],"line":88},"19":{"loc":{"start":{"line":88,"column":17},"end":{"line":88,"column":40}},"type":"binary-expr","locations":[{"start":{"line":88,"column":17},"end":{"line":88,"column":27}},{"start":{"line":88,"column":31},"end":{"line":88,"column":40}}],"line":88},"20":{"loc":{"start":{"line":123,"column":15},"end":{"line":124,"column":102}},"type":"binary-expr","locations":[{"start":{"line":123,"column":15},"end":{"line":123,"column":45}},{"start":{"line":124,"column":12},"end":{"line":124,"column":102}}],"line":123},"21":{"loc":{"start":{"line":132,"column":8},"end":{"line":134,"column":9}},"type":"if","locations":[{"start":{"line":132,"column":8},"end":{"line":134,"column":9}},{"start":{},"end":{}}],"line":132},"22":{"loc":{"start":{"line":144,"column":8},"end":{"line":151,"column":9}},"type":"if","locations":[{"start":{"line":144,"column":8},"end":{"line":151,"column":9}},{"start":{},"end":{}}],"line":144}},"s":{"0":0,"1":0,"2":0,"3":0,"4":0,"5":0,"6":0,"7":0,"8":0,"9":0,"10":0,"11":0,"12":0,"13":0,"14":0,"15":0,"16":0,"17":0,"18":0,"19":0,"20":0,"21":0,"22":0,"23":0,"24":0,"25":0,"26":0,"27":0,"28":0,"29":0,"30":0,"31":0,"32":0,"33":0,"34":0,"35":0,"36":0,"37":0,"38":0,"39":0,"40":0,"41":0,"42":0,"43":0,"44":0,"45":0,"46":0,"47":0,"48":0,"49":0,"50":0,"51":0,"52":0,"53":0,"54":0,"55":0,"56":0,"57":0,"58":0,"59":0,"60":0,"61":0,"62":0,"63":0,"64":0,"65":0,"66":0},"f":{"0":0,"1":0,"2":0,"3":0,"4":0,"5":0,"6":0,"7":0,"8":0,"9":0,"10":0,"11":0,"12":0},"b":{"0":[0,0,0],"1":[0,0],"2":[0,0],"3":[0,0],"4":[0,0],"5":[0,0],"6":[0,0],"7":[0,0],"8":[0,0],"9":[0,0,0],"10":[0,0,0],"11":[0,0],"12":[0,0],"13":[0,0],"14":[0,0],"15":[0,0],"16":[0,0],"17":[0,0],"18":[0,0],"19":[0,0],"20":[0,0],"21":[0,0],"22":[0,0]}}
}
